{"uid":"199ffcfd4bf265a1","name":"Deve navegar pelos menus laterais","fullName":"SamplerInteraction.SamplerInteractionTest.testNavegacaoMenus","historyId":"3a9614b5c98f27da3939baf8143f5071","time":{"start":1764946733601,"stop":1764946734121,"duration":520},"description":"","status":"passed","flaky":false,"newFailed":false,"newBroken":false,"newPassed":false,"retriesCount":3,"retriesStatusChange":true,"beforeStages":[],"afterStages":[],"labels":[{"name":"junit.platform.uniqueid","value":"[engine:junit-jupiter]/[class:SamplerInteraction.SamplerInteractionTest]/[method:testNavegacaoMenus()]"},{"name":"host","value":"HP1"},{"name":"thread","value":"3208@HP1.main(1)"},{"name":"framework","value":"junit-platform"},{"name":"language","value":"java"},{"name":"package","value":"SamplerInteraction.SamplerInteractionTest"},{"name":"testClass","value":"SamplerInteraction.SamplerInteractionTest"},{"name":"testMethod","value":"testNavegacaoMenus"},{"name":"suite","value":"SamplerInteraction.SamplerInteractionTest"},{"name":"resultFormat","value":"allure2"}],"parameters":[],"links":[],"hidden":false,"retry":false,"extra":{"severity":"normal","retries":[{"uid":"83086006e6ab86f4","status":"passed","time":{"start":1764946461699,"stop":1764946462364,"duration":665}},{"uid":"6d22be3935d692f0","status":"failed","statusDetails":"Element not found {by text: User Interface Components}\r\nExpected: visible\r\nScreenshot: file:/C:/Users/Matilde/IdeaProjects/EngenhariaSoftware/blackBoxTesting/build/reports/tests/1764888090163.0.png\r\nPage source: file:/C:/Users/Matilde/IdeaProjects/EngenhariaSoftware/blackBoxTesting/build/reports/tests/1764888090163.0.html\r\nTimeout: 10 s.\r\nCaused by: NoSuchElementException: no such element: Unable to locate element: {\"method\":\"xpath\",\"selector\":\".//*/text()[normalize-space(translate(string(.), '","time":{"start":1764888079651,"stop":1764888090325,"duration":10674}},{"uid":"788c1e6e018d2645","status":"failed","statusDetails":"Element not found {by text: User Interface Components}\r\nExpected: visible\r\nScreenshot: file:/C:/Users/Matilde/IdeaProjects/EngenhariaSoftware/blackBoxTesting/build/reports/tests/1764887656092.0.png\r\nPage source: file:/C:/Users/Matilde/IdeaProjects/EngenhariaSoftware/blackBoxTesting/build/reports/tests/1764887656092.0.html\r\nTimeout: 10 s.\r\nCaused by: NoSuchElementException: no such element: Unable to locate element: {\"method\":\"xpath\",\"selector\":\".//*/text()[normalize-space(translate(string(.), '","time":{"start":1764887645623,"stop":1764887656257,"duration":10634}}],"categories":[],"tags":[]},"source":"199ffcfd4bf265a1.json","parameterValues":[]}